\BOOKMARK [0][-]{ABSTRACT.0}{\376\377\000A\000B\000S\000T\000R\000A\000C\000T}{}% 1
\BOOKMARK [0][-]{目录.0}{\376\377\166\356\137\125}{}% 2
\BOOKMARK [0][-]{chapter.1}{\376\377\173\054\116\000\172\340\000\040\000\040\176\352\213\272}{}% 3
\BOOKMARK [1][-]{section.1.1}{\376\377\0001\000.\0001\000\040\126\375\121\205\131\026\170\024\172\166\163\260\162\266}{chapter.1}% 4
\BOOKMARK [2][-]{subsection.1.1.1}{\376\377\0001\000.\0001\000.\0001\000\040\000M\000H\000C\000-\000I\000\040\200\275\153\265\176\323\124\010\230\204\155\113\170\024\172\166\217\333\134\125}{section.1.1}% 5
\BOOKMARK [2][-]{subsection.1.1.2}{\376\377\0001\000.\0001\000.\0002\000\040\155\361\136\246\133\146\116\140\152\041\127\213\217\173\221\317\123\026\116\016\220\350\177\162\117\030\123\026\170\024\172\166\163\260\162\266}{section.1.1}% 6
\BOOKMARK [2][-]{subsection.1.1.3}{\376\377\0001\000.\0001\000.\0003\000\040\163\260\147\011\135\345\117\134\133\130\127\050\166\204\116\015\215\263}{section.1.1}% 7
\BOOKMARK [1][-]{section.1.2}{\376\377\0001\000.\0002\000\040\147\054\145\207\116\073\211\201\170\024\172\166\121\205\133\271}{chapter.1}% 8
\BOOKMARK [1][-]{section.1.3}{\376\377\0001\000.\0003\000\040\213\272\145\207\176\323\147\204\133\211\143\222}{chapter.1}% 9
\BOOKMARK [1][-]{section.1.4}{\376\377\0001\000.\0004\000\040\147\054\172\340\134\017\176\323}{chapter.1}% 10
\BOOKMARK [0][-]{chapter.2}{\376\377\173\054\116\214\172\340\000\040\000\040\164\006\213\272\127\372\170\100\116\016\145\271\154\325\213\276\213\241}{}% 11
\BOOKMARK [1][-]{section.2.1}{\376\377\0002\000.\0001\000\040\121\115\165\253\131\032\200\275\176\323\124\010\230\204\155\113\116\373\122\241\127\372\170\100}{chapter.2}% 12
\BOOKMARK [2][-]{subsection.2.1.1}{\376\377\0002\000.\0001\000.\0001\000\040\000M\000H\000C\000-\000I\122\006\133\120\116\016\142\227\123\237\220\022\124\110\217\307\172\013}{section.2.1}% 13
\BOOKMARK [2][-]{subsection.2.1.2}{\376\377\0002\000.\0001\000.\0002\000\040\000H\000L\000A\173\111\117\115\127\372\126\340\131\032\140\001\140\047\116\016\230\204\155\113\226\276\160\271}{section.2.1}% 14
\BOOKMARK [2][-]{subsection.2.1.3}{\376\377\0002\000.\0001\000.\0003\000\040\121\115\165\253\131\032\200\275\176\323\124\010\230\204\155\113\166\204\116\373\122\241\137\142\137\017}{section.2.1}% 15
\BOOKMARK [1][-]{section.2.2}{\376\377\0002\000.\0002\000\040\000F\000e\000n\000n\000O\000m\000i\000x\000.\000M\000H\000C\152\041\127\213\116\016\210\150\171\072\133\146\116\140\127\372\170\100}{chapter.2}% 16
\BOOKMARK [2][-]{subsection.2.2.1}{\376\377\0002\000.\0002\000.\0001\000\040\000F\000e\000n\000n\000O\000m\000i\000x\000.\000M\000H\000C\127\372\170\100\150\106\147\266}{section.2.2}% 17
\BOOKMARK [2][-]{subsection.2.2.2}{\376\377\0002\000.\0002\000.\0002\000\040\217\223\121\145\210\150\171\072\116\016\123\314\152\041\140\001\177\026\170\001}{section.2.2}% 18
\BOOKMARK [2][-]{subsection.2.2.3}{\376\377\0002\000.\0002\000.\0003\000\040\133\371\153\324\133\146\116\140\116\016\135\114\121\145\172\172\225\364\136\246\221\317}{section.2.2}% 19
\BOOKMARK [1][-]{section.2.3}{\376\377\0002\000.\0003\000\040\213\304\116\367\143\007\150\007\116\016\116\013\156\070\150\300\175\042\116\373\122\241}{chapter.2}% 20
\BOOKMARK [2][-]{subsection.2.3.1}{\376\377\0002\000.\0003\000.\0001\000\040\127\372\116\216\143\222\124\015\226\010\120\074\166\204\123\354\126\336\163\207}{section.2.3}% 21
\BOOKMARK [2][-]{subsection.2.3.2}{\376\377\0002\000.\0003\000.\0002\000\040\127\372\116\216\215\335\171\273\226\010\120\074\166\204\123\354\126\336\163\207}{section.2.3}% 22
\BOOKMARK [2][-]{subsection.2.3.3}{\376\377\0002\000.\0003\000.\0003\000\040\177\051\136\223\217\205\122\251\144\034\136\223\116\016\000O\000v\000e\000r\000l\000a\000p\213\304\116\367}{section.2.3}% 23
\BOOKMARK [1][-]{section.2.4}{\376\377\0002\000.\0004\000\040\227\142\124\021\220\350\177\162\166\204\152\041\127\213\217\173\221\317\123\026\145\271\154\325\213\276\213\241}{chapter.2}% 24
\BOOKMARK [2][-]{subsection.2.4.1}{\376\377\0002\000.\0004\000.\0001\000\040\123\237\131\313\152\041\127\213\220\350\177\162\164\366\230\210\116\016\217\173\221\317\123\026\140\035\215\357}{section.2.4}% 25
\BOOKMARK [2][-]{subsection.2.4.2}{\376\377\0002\000.\0004\000.\0002\000\040\177\026\170\001\176\364\136\246\123\213\177\051\213\276\213\241}{section.2.4}% 26
\BOOKMARK [2][-]{subsection.2.4.3}{\376\377\0002\000.\0004\000.\0003\000\040\176\277\140\047\116\016\227\136\176\277\140\047\226\115\176\364\145\271\150\110\213\276\213\241}{section.2.4}% 27
\BOOKMARK [2][-]{subsection.2.4.4}{\376\377\0002\000.\0004\000.\0004\000\040\127\372\116\216\221\315\211\201\140\047\122\006\147\220\166\204\176\323\147\204\122\152\147\235}{section.2.4}% 28
\BOOKMARK [1][-]{section.2.5}{\376\377\0002\000.\0005\000\040\200\275\153\265\177\023\133\130\123\213\177\051\116\016\175\042\137\025\147\072\122\066\213\276\213\241}{chapter.2}% 29
\BOOKMARK [2][-]{subsection.2.5.1}{\376\377\0002\000.\0005\000.\0001\000\040\131\047\211\304\152\041\200\275\153\265\177\023\133\130\225\356\230\230}{section.2.5}% 30
\BOOKMARK [2][-]{subsection.2.5.2}{\376\377\0002\000.\0005\000.\0002\000\040\127\372\116\216\000I\000N\000T\0008\166\204\177\023\133\130\221\317\123\026\123\213\177\051}{section.2.5}% 31
\BOOKMARK [2][-]{subsection.2.5.3}{\376\377\0002\000.\0005\000.\0003\000\040\201\352\133\232\116\111\116\214\217\333\122\066\177\023\133\130\150\074\137\017}{section.2.5}% 32
\BOOKMARK [2][-]{subsection.2.5.4}{\376\377\0002\000.\0005\000.\0004\000\040\200\275\153\265\124\310\136\014\175\042\137\025\116\016\122\240\217\175\173\126\165\145}{section.2.5}% 33
\BOOKMARK [2][-]{subsection.2.5.5}{\376\377\0002\000.\0005\000.\0005\000\040\127\050\176\277\147\345\213\342\116\016\123\071\221\115\142\147\210\114\155\101\172\013}{section.2.5}% 34
\BOOKMARK [1][-]{section.2.6}{\376\377\0002\000.\0006\000\040\147\054\172\340\134\017\176\323}{chapter.2}% 35
\BOOKMARK [0][-]{chapter.3}{\376\377\173\054\116\011\172\340\000\040\000\040\133\236\232\214\213\276\213\241\116\016\176\323\147\234\122\006\147\220}{}% 36
\BOOKMARK [1][-]{section.3.1}{\376\377\0003\000.\0001\000\040\133\236\232\214\163\257\130\203\116\016\213\304\116\367\145\271\154\325}{chapter.3}% 37
\BOOKMARK [2][-]{subsection.3.1.1}{\376\377\0003\000.\0001\000.\0001\000\040\133\236\232\214\163\257\130\203\221\115\177\156}{section.3.1}% 38
\BOOKMARK [2][-]{subsection.3.1.2}{\376\377\0003\000.\0001\000.\0002\000\040\116\373\122\241\213\276\177\156}{section.3.1}% 39
\BOOKMARK [2][-]{subsection.3.1.3}{\376\377\0003\000.\0001\000.\0003\000\040\213\304\116\367\143\007\150\007\213\276\177\156}{section.3.1}% 40
\BOOKMARK [1][-]{section.3.2}{\376\377\0003\000.\0002\000\040\116\015\124\014\217\223\121\372\176\364\136\246\133\236\232\214\176\323\147\234\122\006\147\220}{chapter.3}% 41
\BOOKMARK [2][-]{subsection.3.2.1}{\376\377\0003\000.\0002\000.\0001\000\040\116\015\124\014\176\364\136\246\152\041\127\213\166\204\145\164\117\123\140\047\200\375\153\324\217\203}{section.3.2}% 42
\BOOKMARK [2][-]{subsection.3.2.2}{\376\377\0003\000.\0002\000.\0002\000\040\116\015\124\014\176\364\136\246\152\041\127\213\166\204\177\023\133\130\142\020\147\054\153\324\217\203}{section.3.2}% 43
\BOOKMARK [2][-]{subsection.3.2.3}{\376\377\0003\000.\0002\000.\0003\000\040\0006\0004\000\040\176\364\145\271\150\110\166\204\176\374\124\010\117\030\122\277\122\006\147\220}{section.3.2}% 44
\BOOKMARK [1][-]{section.3.3}{\376\377\0003\000.\0003\000\040\176\277\140\047\116\016\227\136\176\277\140\047\226\115\176\364\152\041\127\213\153\324\217\203\122\006\147\220}{chapter.3}% 45
\BOOKMARK [2][-]{subsection.3.3.1}{\376\377\0003\000.\0003\000.\0001\000\040\133\236\232\214\166\356\166\204\116\016\153\324\217\203\133\371\214\141}{section.3.3}% 46
\BOOKMARK [2][-]{subsection.3.3.2}{\376\377\0003\000.\0003\000.\0002\000\040\136\070\211\304\230\204\155\113\143\007\150\007\153\324\217\203}{section.3.3}% 47
\BOOKMARK [2][-]{subsection.3.3.3}{\376\377\0003\000.\0003\000.\0003\000\040\116\013\156\070\177\051\136\223\217\205\122\251\144\034\136\223\176\323\147\234\153\324\217\203}{section.3.3}% 48
\BOOKMARK [2][-]{subsection.3.3.4}{\376\377\0003\000.\0003\000.\0004\000\040\176\323\147\234\122\006\147\220\116\016\176\323\213\272}{section.3.3}% 49
\BOOKMARK [1][-]{section.3.4}{\376\377\0003\000.\0004\000\040\122\152\147\235\133\236\232\214\176\323\147\234\122\006\147\220}{chapter.3}% 50
\BOOKMARK [2][-]{subsection.3.4.1}{\376\377\0003\000.\0004\000.\0001\000\040\122\152\147\235\221\315\211\201\140\047\122\006\147\220\176\323\147\234}{section.3.4}% 51
\BOOKMARK [2][-]{subsection.3.4.2}{\376\377\0003\000.\0004\000.\0002\000\040\122\152\147\235\122\115\124\016\140\047\200\375\153\324\217\203}{section.3.4}% 52
\BOOKMARK [2][-]{subsection.3.4.3}{\376\377\0003\000.\0004\000.\0003\000\040\122\152\147\235\176\323\147\234\213\250\213\272}{section.3.4}% 53
\BOOKMARK [1][-]{section.3.5}{\376\377\0003\000.\0005\000\040\177\023\133\130\123\213\177\051\116\016\175\042\137\025\147\072\122\066\133\236\232\214\122\006\147\220}{chapter.3}% 54
\BOOKMARK [2][-]{subsection.3.5.1}{\376\377\0003\000.\0005\000.\0001\000\040\0006\0004\000\040\176\364\177\023\133\130\166\204\123\213\177\051\227\000\154\102}{section.3.5}% 55
\BOOKMARK [2][-]{subsection.3.5.2}{\376\377\0003\000.\0005\000.\0002\000\040\000I\000N\000T\0008\000\040\221\317\123\026\123\213\177\051\176\323\147\234}{section.3.5}% 56
\BOOKMARK [2][-]{subsection.3.5.3}{\376\377\0003\000.\0005\000.\0003\000\040\175\042\137\025\147\072\122\066\116\016\122\240\217\175\173\126\165\145\122\006\147\220}{section.3.5}% 57
\BOOKMARK [2][-]{subsection.3.5.4}{\376\377\0003\000.\0005\000.\0004\000\040\147\345\213\342\224\376\215\357\145\110\147\234\122\006\147\220}{section.3.5}% 58
\BOOKMARK [1][-]{section.3.6}{\376\377\0003\000.\0006\000\040\176\374\124\010\213\250\213\272}{chapter.3}% 59
\BOOKMARK [2][-]{subsection.3.6.1}{\376\377\0003\000.\0006\000.\0001\000\040\116\316\152\041\127\213\174\276\136\246\122\060\174\373\176\337\220\350\177\162\166\204\176\337\116\000\117\030\123\026\215\357\137\204}{section.3.6}% 60
\BOOKMARK [2][-]{subsection.3.6.2}{\376\377\0003\000.\0006\000.\0002\000\040\133\236\232\214\176\323\147\234\166\204\116\073\211\201\176\323\213\272}{section.3.6}% 61
\BOOKMARK [2][-]{subsection.3.6.3}{\376\377\0003\000.\0006\000.\0003\000\040\137\123\122\115\133\236\232\214\166\204\134\100\226\120\140\047}{section.3.6}% 62
\BOOKMARK [1][-]{section.3.7}{\376\377\0003\000.\0007\000\040\147\054\172\340\134\017\176\323}{chapter.3}% 63
\BOOKMARK [0][-]{chapter.4}{\376\377\173\054\126\333\172\340\000\040\000\040\174\373\176\337\213\276\213\241\116\016\220\350\177\162\122\006\147\220}{}% 64
\BOOKMARK [1][-]{section.4.1}{\376\377\0004\000.\0001\000\040\174\373\176\337\140\073\117\123\147\266\147\204\213\276\213\241}{chapter.4}% 65
\BOOKMARK [2][-]{subsection.4.1.1}{\376\377\0004\000.\0001\000.\0001\000\040\174\373\176\337\213\276\213\241\166\356\150\007}{section.4.1}% 66
\BOOKMARK [2][-]{subsection.4.1.2}{\376\377\0004\000.\0001\000.\0002\000\040\171\273\176\277\147\204\136\372\116\016\127\050\176\277\147\345\213\342\155\101\172\013}{section.4.1}% 67
\BOOKMARK [2][-]{subsection.4.1.3}{\376\377\0004\000.\0001\000.\0003\000\040\174\373\176\337\152\041\127\127\122\022\122\006}{section.4.1}% 68
\BOOKMARK [1][-]{section.4.2}{\376\377\0004\000.\0002\000\040\121\163\225\056\152\041\127\127\133\236\163\260\116\016\123\117\124\014\155\101\172\013}{chapter.4}% 69
\BOOKMARK [2][-]{subsection.4.2.1}{\376\377\0004\000.\0002\000.\0001\000\040\152\041\127\213\213\255\176\303\116\016\217\173\221\317\123\026\152\041\127\127}{section.4.2}% 70
\BOOKMARK [2][-]{subsection.4.2.2}{\376\377\0004\000.\0002\000.\0002\000\040\200\275\153\265\177\023\133\130\123\213\177\051\152\041\127\127\133\236\163\260}{section.4.2}% 71
\BOOKMARK [2][-]{subsection.4.2.3}{\376\377\0004\000.\0002\000.\0003\000\040\200\275\153\265\175\042\137\025\150\300\175\042\152\041\127\127\133\236\163\260}{section.4.2}% 72
\BOOKMARK [2][-]{subsection.4.2.4}{\376\377\0004\000.\0002\000.\0004\000\040\127\050\176\277\230\204\155\113\142\147\210\114\152\041\127\127\133\236\163\260}{section.4.2}% 73
\BOOKMARK [2][-]{subsection.4.2.5}{\376\377\0004\000.\0002\000.\0005\000\040\152\041\127\127\123\117\124\014\121\163\174\373}{section.4.2}% 74
\BOOKMARK [1][-]{section.4.3}{\376\377\0004\000.\0003\000\040\220\350\177\162\152\041\137\017\116\016\215\104\156\220\137\000\225\000\122\006\147\220}{chapter.4}% 75
\BOOKMARK [2][-]{subsection.4.3.1}{\376\377\0004\000.\0003\000.\0001\000\040\123\125\147\072\220\350\177\162\152\041\137\017\122\006\147\220}{section.4.3}% 76
\BOOKMARK [2][-]{subsection.4.3.2}{\376\377\0004\000.\0003\000.\0002\000\040\220\350\177\162\213\276\213\241\141\017\116\111}{section.4.3}% 77
\BOOKMARK [1][-]{section.4.4}{\376\377\0004\000.\0004\000\040\147\054\172\340\134\017\176\323}{chapter.4}% 78
\BOOKMARK [0][-]{chapter.5}{\376\377\173\054\116\224\172\340\000\040\000\040\140\073\176\323\116\016\134\125\147\033}{}% 79
\BOOKMARK [1][-]{section.5.1}{\376\377\0005\000.\0001\000\040\121\150\145\207\140\073\176\323}{chapter.5}% 80
\BOOKMARK [1][-]{section.5.2}{\376\377\0005\000.\0002\000\040\147\054\145\207\135\345\117\134\116\015\215\263}{chapter.5}% 81
\BOOKMARK [1][-]{section.5.3}{\376\377\0005\000.\0003\000\040\124\016\176\355\170\024\172\166\134\125\147\033}{chapter.5}% 82
\BOOKMARK [1][-]{section.5.4}{\376\377\0005\000.\0004\000\040\147\054\172\340\134\017\176\323}{chapter.5}% 83
\BOOKMARK [0][-]{section*.27}{\376\377\201\364\214\042}{}% 84
\BOOKMARK [0][-]{section*.29}{\376\377\123\302\200\003\145\207\163\056}{}% 85
